<?xml version="1.0" encoding="UTF-8"?>
<!-- Generated by org.testng.reporters.JUnitReportReporter -->
<testsuite hostname="DESKTOP-SLTNURU" failures="0" tests="1" name="come.qaTesting.pages.HideSideBarTest" time="0.192" errors="0" timestamp="2021-01-19T22:18:15 EST" skipped="0">
  <testcase classname="come.qaTesting.pages.HideSideBarTest" name="hideSideBarTest" time="0.192"/>
  <system-out/>
</testsuite> <!-- come.qaTesting.pages.HideSideBarTest -->
