<?xml version="1.0" encoding="UTF-8"?>
<!-- Generated by org.testng.reporters.JUnitReportReporter -->
<testsuite hostname="DESKTOP-SLTNURU" failures="0" tests="6" name="com.qaTesting.tests.FiddleTests" time="12.060" errors="0" timestamp="2021-01-21T21:54:05 EST" skipped="0">
  <testcase classname="com.qaTesting.tests.FiddleTests" name="shareButtonTest" time="0.746"/>
  <system-out/>
  <testcase classname="com.qaTesting.tests.FiddleTests" name="checkGettingStartedTest" time="1.067"/>
  <system-out/>
  <testcase classname="com.qaTesting.tests.FiddleTests" name="checkSaveTest" time="1.504"/>
  <system-out/>
  <testcase classname="com.qaTesting.tests.FiddleTests" name="hideSideBarTest" time="0.613"/>
  <system-out/>
  <testcase classname="com.qaTesting.tests.FiddleTests" name="clickRunTest" time="0.600"/>
  <system-out/>
  <testcase classname="com.qaTesting.tests.FiddleTests" name="setPackageTest" time="7.530"/>
  <system-out/>
</testsuite> <!-- com.qaTesting.tests.FiddleTests -->
