<?xml version="1.0" encoding="UTF-8"?>
<!-- Generated by org.testng.reporters.JUnitReportReporter -->
<testsuite hostname="DESKTOP-SLTNURU" failures="0" tests="6" name="com.qaTesting.tests.FiddleTests" time="13.662" errors="0" timestamp="2021-01-22T01:39:49 EST" skipped="0">
  <testcase classname="com.qaTesting.tests.FiddleTests" name="shareButtonTest" time="1.201"/>
  <system-out/>
  <testcase classname="com.qaTesting.tests.FiddleTests" name="setPackageTest" time="5.854"/>
  <system-out/>
  <testcase classname="com.qaTesting.tests.FiddleTests" name="checkSaveTest" time="3.297"/>
  <system-out/>
  <testcase classname="com.qaTesting.tests.FiddleTests" name="checkGettingStartedTest" time="2.040"/>
  <system-out/>
  <testcase classname="com.qaTesting.tests.FiddleTests" name="clickRunTest" time="0.602"/>
  <system-out/>
  <testcase classname="com.qaTesting.tests.FiddleTests" name="hideSideBarTest" time="0.668"/>
  <system-out/>
</testsuite> <!-- com.qaTesting.tests.FiddleTests -->
