<?xml version="1.0" encoding="UTF-8"?>
<!-- Generated by org.testng.reporters.JUnitReportReporter -->
<testsuite hostname="DESKTOP-SLTNURU" failures="0" tests="3" name="com.qaTesting.pages.DataProvTest" time="0.014" errors="0" timestamp="2021-01-20T20:09:36 EST" skipped="0">
  <testcase classname="com.qaTesting.pages.DataProvTest" name="f" time="0.008"/>
  <system-out/>
  <testcase classname="com.qaTesting.pages.DataProvTest" name="f" time="0.002"/>
  <system-out/>
  <testcase classname="com.qaTesting.pages.DataProvTest" name="f" time="0.004"/>
  <system-out/>
</testsuite> <!-- com.qaTesting.pages.DataProvTest -->
