<?xml version="1.0" encoding="UTF-8"?>
<!-- Generated by org.testng.reporters.JUnitReportReporter -->
<testsuite hostname="DESKTOP-SLTNURU" failures="0" tests="1" name="come.qaTesting.pages.ShareTest" time="0.557" errors="0" timestamp="2021-01-19T22:05:33 EST" skipped="0">
  <testcase classname="come.qaTesting.pages.ShareTest" name="sharebuttonTest" time="0.557"/>
  <system-out/>
</testsuite> <!-- come.qaTesting.pages.ShareTest -->
