<?xml version="1.0" encoding="UTF-8"?>
<!-- Generated by org.testng.reporters.JUnitReportReporter -->
<testsuite hostname="DESKTOP-SLTNURU" failures="0" tests="1" name="come.qaTesting.base.RunButtonTest" time="0.114" errors="0" timestamp="2021-01-18T22:01:23 EST" skipped="0">
  <testcase classname="come.qaTesting.base.RunButtonTest" name="clickRunTest" time="0.114"/>
  <system-out/>
</testsuite> <!-- come.qaTesting.base.RunButtonTest -->
