<?xml version="1.0" encoding="UTF-8"?>
<!-- Generated by org.testng.reporters.JUnitReportReporter -->
<testsuite hostname="DESKTOP-SLTNURU" failures="0" tests="1" name="come.qaTesting.base.TestTwoTest" time="4.626" errors="0" timestamp="2021-01-19T00:59:32 EST" skipped="0">
  <testcase classname="come.qaTesting.base.TestTwoTest" name="setPackageTest" time="4.626"/>
  <system-out/>
</testsuite> <!-- come.qaTesting.base.TestTwoTest -->
