<?xml version="1.0" encoding="UTF-8"?>
<!-- Generated by org.testng.reporters.JUnitReportReporter -->
<testsuite hostname="DESKTOP-SLTNURU" failures="0" tests="1" name="come.qaTesting.pages.SaveTest" time="0.739" errors="0" timestamp="2021-01-19T23:58:54 EST" skipped="0">
  <testcase classname="come.qaTesting.pages.SaveTest" name="checkSaveTest" time="0.739"/>
  <system-out/>
</testsuite> <!-- come.qaTesting.pages.SaveTest -->
