<?xml version="1.0" encoding="UTF-8"?>
<!-- Generated by org.testng.reporters.JUnitReportReporter -->
<testsuite hostname="DESKTOP-SLTNURU" failures="0" tests="1" name="come.qaTesting.pages.GettingStartedTest" time="0.532" errors="0" timestamp="2021-01-19T23:53:54 EST" skipped="0">
  <testcase classname="come.qaTesting.pages.GettingStartedTest" name="checkGettingStartedTest" time="0.532"/>
  <system-out/>
</testsuite> <!-- come.qaTesting.pages.GettingStartedTest -->
